Entry: 1
---------------------------2017-12-29 13:01:05
TweetID: 944402151740121088
UserName: SpaceX (id: 34743251)
	Text: "Iridium has acquired healthy signals from all 10 satellites."
	Retweets: 1667, Favorites: 15275
	created: Sat Dec 23 02:59:53 +0000 2017
	isReply? False, To? None

RootTweetID: 944402151740121088
	Average Polarity: 1.59829976378 (std: 1.98251277806)
	Average Subjectivity: 3.11892647932 (std: 2.16779121654)
	High Word Frequency: 1st Word: that(Freq: 13)
2st Word: congratulations(Freq: 11)
3st Word: Amazing(Freq: 11)


Response:
(1/2) Daily tweet analysis featuring @SpaceX 

User Sentiment (+5.0 to -5.0): +1.6
Stand Deviation: 1.98
https://twitter.com/SpaceX/status/944402151740121088
(2/2) Most frequently used (notable) words in direct replies:

that (13)
congratulations (11)
Amazing (11)

Entry: 1
---------------------------2017-12-29 13:03:59
TweetID: 944402151740121088
UserName: SpaceX (id: 34743251)
	Text: "Iridium has acquired healthy signals from all 10 satellites."
	Retweets: 1667, Favorites: 15275
	created: Sat Dec 23 02:59:53 +0000 2017
	isReply? False, To? None

RootTweetID: 944402151740121088
	Average Polarity: 1.59829976378 (std: 1.98251277806)
	Average Subjectivity: 3.11892647932 (std: 2.16779121654)
	High Word Frequency: 1st Word: that(Freq: 13)
2st Word: congratulations(Freq: 11)
3st Word: Amazing(Freq: 11)


Response:
(1/2) Daily tweet analysis featuring @SpaceX 

User Sentiment (+5.0 to -5.0): +1.6
Stand Deviation: 1.98
https://twitter.com/SpaceX/status/944402151740121088
(2/2) Most frequently used (notable) words in direct replies:

that (13)
congratulations (11)
Amazing (11)


Entry: 2
---------------------------2017-12-30 17:02:47
TweetID: 945481832694501377
UserName: PokemonGoApp (id: 2839430431)
	Text: "Celebrate the arrival of more Pokmon originally from the Hoenn region by downloading the new loading screen! Now a https://t.co/l5Wf000NpE"
	Retweets: 473, Favorites: 3152
	created: Tue Dec 26 02:30:09 +0000 2017
	isReply? False, To? None

RootTweetID: 945481832694501377
	Average Polarity: 0.980231438483 (std: 1.40054995079)
	Average Subjectivity: 2.60829032079 (std: 1.93530282856)
	High Word Frequency: 1st Word: screen(Freq: 22)
2st Word: loading(Freq: 18)
3st Word: Pokemon(Freq: 16)


Response:
(1/2) Daily Tweet Analysis #2, featuring @PokemonGoApp 

User Sentiment (+5.0 to -5.0): +0.98
Stand Deviation: 1.4
Sentiment Spread: 40.0% Positive - 43.0% Neutral - 17.0% Negative
https://twitter.com/PokemonGoApp/status/945481832694501377
(2/2) Most frequently used (notable) words in direct replies:

screen (22)
loading (18)
Pokemon (16)


Entry: 3
---------------------------2017-12-31 19:05:47
TweetID: 947629634341842944
UserName: Seahawks (id: 23642374)
	Text: "Our season ends in Seattle. 

We finish the 2017 season with a 9-7 record. https://t.co/KcbfS4w0M0"
	Retweets: 332, Favorites: 960
	created: Mon Jan 01 00:44:45 +0000 2018
	isReply? False, To? None

RootTweetID: 947629634341842944
	Average Polarity: 0.345700887692 (std: 1.6439465676)
	Average Subjectivity: 2.79414010844 (std: 2.10890211361)
	High Word Frequency: 1st Word: Walsh(Freq: 134)
2st Word: Blair(Freq: 69)
3st Word: season(Freq: 57)


Response:
(1/2) Daily Tweet Analysis #4, featuring @Seahawks 

User Sentiment (+5.0 to -5.0): +0.35
Stand Deviation: 1.64
Sentiment Spread: 32.0% Positive - 48.0% Neutral - 20.0% Negative
https://twitter.com/Seahawks/status/947629634341842944
(2/2) Most frequently used (notable) words in direct replies:

Walsh (134)
Blair (69)
season (57)


Entry: 4
---------------------------2018-01-01 15:37:32
TweetID: 947869442314252288
UserName: TheEllenShow (id: 15846407)
	Text: "Happy 2018! I normally don't make resolutions, but hows this? Lets all tell the truth, treat everyone equally, be https://t.co/Kc3sMibnR2"
	Retweets: 22124, Favorites: 91791
	created: Mon Jan 01 16:37:40 +0000 2018
	isReply? False, To? None

RootTweetID: 947869442314252288
	Average Polarity: 2.02795615228 (std: 1.90127068033)
	Average Subjectivity: 3.18519163749 (std: 2.27491675564)
	High Word Frequency: 1st Word: Ellen(Freq: 151)
2st Word: New(Freq: 131)
3st Word: Year(Freq: 129)


Response:
@TheEllenShow (1/2) Daily Tweet Analysis #4 

User Sentiment (+5.0 to -5.0): +2.03
Stand Deviation: 1.9
Sentiment Spread: 46.0% Positive - 47.0% Neutral - 7.0% Negative

@TheEllenShow (2/2) Most frequently used (notable) words in direct replies:

Ellen (151)
New (131)
Year (129)


Entry: 5
---------------------------2018-01-02 13:13:12
TweetID: 948211438472089600
UserName: realDonaldTrump (id: 25073877)
	Text: "Democrats are doing nothing for DACA - just interested in politics.  DACA activists and Hispanics will go hard agai https://t.co/gOK09nR4M3"
	Retweets: 9864, Favorites: 42865
	created: Tue Jan 02 15:16:38 +0000 2018
	isReply? False, To? None

RootTweetID: 948211438472089600
	Average Polarity: -0.0724212240191 (std: 1.69559160025)
	Average Subjectivity: 3.00125684706 (std: 2.13393985017)
	High Word Frequency: 1st Word: DACA(Freq: 2330)
2st Word: This(Freq: 1388)
3st Word: LOVE(Freq: 1288)


Response:
@realDonaldTrump (1/2) Daily Tweet Analysis #5 

User Sentiment (+5.0 to -5.0): -0.07
Standard Deviation: 1.7
Sentiment Spread: 29.0% Positive - 44.0% Neutral - 27.0% Negative

@realDonaldTrump (2/2) Most frequently used (notable) words in direct replies:

DACA (2330)
This (1388)
LOVE (1288)

Most frequently used hashtag: #DACA (146)


Entry: 6
---------------------------2018-01-03 21:57:32
TweetID: 948739073237311488
UserName: realDonaldTrump (id: 25073877)
	Text: "MAKE AMERICA GREAT AGAIN!"
	Retweets: 15553, Favorites: 57717
	created: Thu Jan 04 02:13:16 +0000 2018
	isReply? False, To? None

RootTweetID: 948739073237311488
	Average Polarity: 0.909967247522 (std: 1.85872902592)
	Average Subjectivity: 3.08822067948 (std: 2.39017774754)
	High Word Frequency: 1st Word: great(Freq: 1480)
2st Word: America(Freq: 1219)
3st Word: AGAIN(Freq: 1011)


Response:
@realDonaldTrump (1/2) Daily Tweet Analysis #6 

User Sentiment (+5.0 to -5.0): +0.91
Standard Deviation: 1.86
Sentiment Spread: 28.0% Positive - 56.0% Neutral - 16.0% Negative

@realDonaldTrump (2/2) Most frequently used (notable) words in direct replies:

great (1480)
America (1219)
AGAIN (1011)

Most frequently used hashtag: #MAGA (330)


Entry: 7
---------------------------2018-01-09 21:04:13
TweetID: 950884128379035650
UserName: realDonaldTrump (id: 25073877)
	Text: "As I made very clear today, our country needs the security of the Wall on the Southern Border, which must be part of any DACA approval."
	Retweets: 11108, Favorites: 51937
	created: Wed Jan 10 00:16:57 +0000 2018
	isReply? False, To? None

RootTweetID: 950884128379035650
	Average Polarity: -0.102920013776 (std: 1.4906096951)
	Average Subjectivity: 2.77015723997 (std: 2.06315613004)
	High Word Frequency: 1st Word: wall(Freq: 914)
2st Word: No(Freq: 647)
3st Word: DACA(Freq: 546)


Response:
@realDonaldTrump (1/2) Daily Tweet Analysis #7 

User Sentiment (+5.0 to -5.0): -0.1
Standard Deviation: 1.49
Sentiment Spread: 28.0% Positive - 48.0% Neutral - 24.0% Negative

@realDonaldTrump (2/2) Most frequently used (notable) words in direct replies:

wall (914)
No (647)
DACA (546)

Most frequently used hashtag: #DACA (28)


Entry: 8
---------------------------2018-01-09 21:26:44
TweetID: 950087141710704640
UserName: dominos (id: 31444922)
	Text: "Prediction for 2018: the year of pineapple on pizza. LIKE if you agree. https://t.co/cfSXqqG5AR"
	Retweets: 326, Favorites: 2408
	created: Sun Jan 07 19:30:01 +0000 2018
	isReply? False, To? None

RootTweetID: 950087141710704640
	Average Polarity: 0.545389770723 (std: 1.41735674338)
	Average Subjectivity: 3.09697632614 (std: 2.62224574631)
	High Word Frequency: 1st Word: pizza(Freq: 47)
2st Word: pineApple(Freq: 36)
3st Word: No(Freq: 33)


Response:
@dominos (1/2) Daily Tweet Analysis #8 

User Sentiment (+5.0 to -5.0): +0.55
Standard Deviation: 1.42
Sentiment Spread: 20.0% Positive - 69.0% Neutral - 11.0% Negative

@dominos (2/2) Most frequently used (notable) words in direct replies:

pizza (47)
pineApple (36)
No (33)


Entry: 9
---------------------------2018-01-09 22:00:54
TweetID: 950530985539571714
UserName: AprilDRyan (id: 18018355)
	Text: "You know I love you. Happy Birthday!  The magic of television.  But the streets are a sheet of ice right now! Party https://t.co/ucW7TCX4t6"
	Retweets: 9, Favorites: 132
	created: Tue Jan 09 00:53:41 +0000 2018
	isReply? False, To? None

RootTweetID: 950530985539571714
	Average Polarity: 0.28125 (std: 2.58738866004)
	Average Subjectivity: 2.82291666667 (std: 2.09484450041)
	High Word Frequency: 

Response:
@AprilDRyan (1/2) Daily Tweet Analysis #9 

User Sentiment (+5.0 to -5.0): +0.28
Standard Deviation: 2.59
Sentiment Spread: 60.0% Positive - 20.0% Neutral - 20.0% Negative

@AprilDRyan (2/2) Most frequently used (notable) words in direct replies:

April (3)
When (2)
show (2)


Entry: 10
---------------------------2018-01-11 02:06:51
TweetID: 950925178615181312
UserName: TheDailyShow (id: 158414847)
	Text: "Ok, sure, Trump doesnt know the lyrics to the national anthem, but do average Americans know it? @dulcesloan finds https://t.co/BbAVGjLd4B"
	Retweets: 159, Favorites: 793
	created: Wed Jan 10 03:00:04 +0000 2018
	isReply? False, To? None

RootTweetID: 950925178615181312
	Average Polarity: 0.460028329514 (std: 1.24945795848)
	Average Subjectivity: 2.80236441799 (std: 2.16157884777)
	High Word Frequency: 1st Word: @dulcesloan(Freq: 74)
2st Word: know(Freq: 13)
3st Word: not(Freq: 12)


Response:
@TheDailyShow (1/2) Daily Tweet Analysis #10 

User Sentiment (+5.0 to -5.0): +0.46
Standard Deviation: 1.25
Sentiment Spread: 26.0% Positive - 54.0% Neutral - 20.0% Negative

@TheDailyShow (2/2) Most frequently used (notable) words in direct replies:

@dulcesloan (74)
know (13)
not (12)


Entry: 11
---------------------------2018-01-11 02:12:47
TweetID: 950828912510107648
UserName: NASA (id: 11348282)
	Text: "See that small prominence  cool strands of solar material  twisting &amp; turning over the Suns surface? It actually https://t.co/7HhvD4PYiP"
	Retweets: 2385, Favorites: 8215
	created: Tue Jan 09 20:37:32 +0000 2018
	isReply? False, To? None

RootTweetID: 950828912510107648
	Average Polarity: 1.73331930415 (std: 1.66958912075)
	Average Subjectivity: 3.63562440384 (std: 2.55958276903)
	High Word Frequency: 1st Word: @NASASun(Freq: 106)
2st Word: Sun(Freq: 13)


Response:
@NASA (1/2) Daily Tweet Analysis #11 

User Sentiment (+5.0 to -5.0): +1.73
Standard Deviation: 1.67
Sentiment Spread: 48.0% Positive - 47.0% Neutral - 5.0% Negative

@NASA (2/2) Most frequently used (notable) words in direct replies:

@NASASun (106)
Sun (13)
we (8)


Entry: 12
---------------------------2018-01-11 02:16:31
TweetID: 951332155245891584
UserName: YourPalRags (id: 760251734039986177)
	Text: "Happy Thursday. Have some cancer. 

https://t.co/9Kh1d5Ocne"
	Retweets: 24, Favorites: 212
	created: Thu Jan 11 05:57:15 +0000 2018
	isReply? False, To? None

RootTweetID: 951332155245891584
	Average Polarity: -1.4345703125 (std: 1.75243241353)
	Average Subjectivity: 3.03548177083 (std: 2.41927831641)
	High Word Frequency: 

Response:
@YourPalRags (1/2) Daily Tweet Analysis #12 

User Sentiment (+5.0 to -5.0): -1.43
Standard Deviation: 1.75
Sentiment Spread: 14.0% Positive - 57.0% Neutral - 29.0% Negative

@YourPalRags (2/2) Most frequently used (notable) words in direct replies:

Game (5)
NOT (5)
they (5)


Entry: 13
---------------------------2018-01-11 16:39:39
TweetID: 951464717666615298
UserName: Comey (id: 2334193741)
	Text: "Thoughtful leaders on both sides of the aisle know FISA section 702 is a vital and carefully overseen tool to prote https://t.co/A4x2sF8vLA"
	Retweets: 9037, Favorites: 28478
	created: Thu Jan 11 14:44:00 +0000 2018
	isReply? False, To? None

RootTweetID: 951464717666615298
	Average Polarity: -0.0782170615377 (std: 1.41263117434)
	Average Subjectivity: 2.74758485631 (std: 1.99910452596)
	High Word Frequency: 1st Word: on(Freq: 339)
2st Word: about(Freq: 221)
3st Word: not(Freq: 198)


Response:
@Comey (1/2) Daily Tweet Analysis #13 

User Sentiment (+5.0 to -5.0): -0.08
Standard Deviation: 1.41
Sentiment Spread: 26.0% Positive - 46.0% Neutral - 28.0% Negative

@Comey (2/2) Most frequently used (notable) words in direct replies:

on (339)
about (221)
not (198)

Most frequently used hashtag: #DirtyCop (9)


Entry: 14
---------------------------2018-01-12 09:38:28
TweetID: 951824699062829056
UserName: benshapiro (id: 17995040)
	Text: "Pretty sure this is a losing message for Democrats https://t.co/MDiatROKxu"
	Retweets: 372, Favorites: 1388
	created: Fri Jan 12 14:34:26 +0000 2018
	isReply? False, To? None

RootTweetID: 951824699062829056
	Average Polarity: 0.527467778068 (std: 1.46516892113)
	Average Subjectivity: 3.0125808348 (std: 2.00640512073)
	High Word Frequency: 1st Word: Colbert(Freq: 41)
2st Word: shithole(Freq: 24)
3st Word: Trump(Freq: 21)


Response:
@benshapiro (1/2) Daily Tweet Analysis #14 

User Sentiment (+5.0 to -5.0): +0.53
Standard Deviation: 1.47
Sentiment Spread: 38.0% Positive - 39.0% Neutral - 23.0% Negative

@benshapiro (2/2) Most frequently used (notable) words in direct replies:

Colbert (41)
shithole (24)
Trump (21)


Entry: 15
---------------------------2018-01-13 04:46:58
TweetID: 951884148762816512
UserName: benshapiro (id: 17995040)
	Text: "Okay, as a lighter break from another awful news cycle, name your 5 favorite movies of the last 10 years. I'll go f https://t.co/wV51hgyI2A"
	Retweets: 260, Favorites: 3983
	created: Fri Jan 12 18:30:40 +0000 2018
	isReply? False, To? None

RootTweetID: 951884148762816512
	Average Polarity: 0.322057554941 (std: 1.61116671629)
	Average Subjectivity: 2.63890865166 (std: 1.78233678706)
	High Word Frequency: 1st Word: Dark(Freq: 295)
2st Word: Knight(Freq: 127)
3st Word: Interstellar(Freq: 113)


Response:
@benshapiro (1/2) Daily Tweet Analysis #15 

User Sentiment (+5.0 to -5.0): +0.32
Standard Deviation: 1.61
Sentiment Spread: 34.0% Positive - 34.0% Neutral - 32.0% Negative

@benshapiro (2/2) Most frequently used (notable) words in direct replies:

Dark (295)
Knight (127)
Interstellar (113)


Entry: 16
---------------------------2018-01-14 17:49:44
TweetID: 952552483091394561
UserName: GStephanopoulos (id: 17074440)
	Text: ".@sendavidperdue, who originally said he did not recall s***hole comments in his meeting with President Trump in https://t.co/U9c72bWnAn"
	Retweets: 1773, Favorites: 2808
	created: Sun Jan 14 14:46:24 +0000 2018
	isReply? False, To? None

RootTweetID: 952552483091394561
	Average Polarity: -0.0352108668557 (std: 1.34654284625)
	Average Subjectivity: 2.9252725374 (std: 2.37202635324)
	High Word Frequency: 1st Word: @sendavidperdue(Freq: 2392)
2st Word: @ThisWeekABC(Freq: 2230)
3st Word: Liar(Freq: 319)


Response:
@GStephanopoulos (1/2) Daily Tweet Analysis #16 

User Sentiment (+5.0 to -5.0): -0.04
Standard Deviation: 1.35
Sentiment Spread: 20.0% Positive - 61.0% Neutral - 19.0% Negative

@GStephanopoulos (2/2) Most frequently used (notable) words in direct replies:

@sendavidperdue (2392)
@ThisWeekABC (2230)
Liar (319)

Most frequently used hashtag: #ShitholePresident (6)


Entry: 17
---------------------------2018-01-15 19:34:06
TweetID: 953030762621800449
UserName: ABC (id: 28785486)
	Text: "Sen. Lindsey Graham: "Those of us in my business need to up their game. It's pretty embarrassing when you have to t https://t.co/cYlMUlgrC9"
	Retweets: 200, Favorites: 631
	created: Mon Jan 15 22:26:54 +0000 2018
	isReply? False, To? None

RootTweetID: 953030762621800449
	Average Polarity: 0.137598509587 (std: 1.18687247882)
	Average Subjectivity: 2.683573241 (std: 2.10882356801)
	High Word Frequency: 1st Word: @LindseyGrahamSC(Freq: 15)
2st Word: Trump(Freq: 15)
3st Word: children(Freq: 14)


Response:
@ABC (1/2) Daily Tweet Analysis #17 

User Sentiment (+5.0 to -5.0): +0.14
Standard Deviation: 1.19
Sentiment Spread: 23.0% Positive - 55.0% Neutral - 22.0% Negative

@ABC (2/2) Most frequently used (notable) words in direct replies:

@LindseyGrahamSC (15)
Trump (15)
children (14)


Entry: 18
---------------------------2018-01-16 18:59:16
TweetID: 953393103213244416
UserName: CNN (id: 759251)
	Text: "White House press secretary Sarah Sanders: "No one here is going to pretend like the President is always politicall https://t.co/W8E7TA2Yna"
	Retweets: 158, Favorites: 542
	created: Tue Jan 16 22:26:43 +0000 2018
	isReply? False, To? None

RootTweetID: 953393103213244416
	Average Polarity: 0.767443682249 (std: 1.52170643233)
	Average Subjectivity: 2.58375686813 (std: 1.90830307191)
	High Word Frequency: 1st Word: correct(Freq: 15)
2st Word: She(Freq: 14)


Response:
@CNN (1/2) Daily Tweet Analysis #18 

User Sentiment (+5.0 to -5.0): +0.77
Standard Deviation: 1.52
Sentiment Spread: 32.0% Positive - 51.0% Neutral - 17.0% Negative

@CNN (2/2) Most frequently used (notable) words in direct replies:

correct (15)
She (14)
politically (9)


